{"/Users/wedawiguna/Documents/Hacktive/bacth66/phase3/spotlessnEss/SpotlessNess/server/app.js": {"path":"/Users/wedawiguna/Documents/Hacktive/bacth66/phase3/spotlessnEss/SpotlessNess/server/app.js","statementMap":{"0":{"start":{"line":1,"column":0},"end":{"line":1,"column":27}},"1":{"start":{"line":2,"column":16},"end":{"line":2,"column":34}},"2":{"start":{"line":3,"column":12},"end":{"line":3,"column":21}},"3":{"start":{"line":4,"column":13},"end":{"line":4,"column":17}},"4":{"start":{"line":5,"column":15},"end":{"line":5,"column":42}},"5":{"start":{"line":6,"column":13},"end":{"line":6,"column":28}},"6":{"start":{"line":7,"column":23},"end":{"line":7,"column":60}},"7":{"start":{"line":9,"column":0},"end":{"line":9,"column":15}},"8":{"start":{"line":10,"column":0},"end":{"line":10,"column":46}},"9":{"start":{"line":11,"column":0},"end":{"line":11,"column":23}},"10":{"start":{"line":12,"column":0},"end":{"line":12,"column":16}},"11":{"start":{"line":13,"column":0},"end":{"line":13,"column":19}},"12":{"start":{"line":15,"column":0},"end":{"line":15,"column":20}}},"fnMap":{},"branchMap":{},"s":{"0":10,"1":10,"2":10,"3":10,"4":10,"5":10,"6":10,"7":10,"8":10,"9":10,"10":10,"11":10,"12":10},"f":{},"b":{},"_coverageSchema":"1a1c01bbd47fc00a2c39e90264f33305004495a9","hash":"d7ea5cd3422b26e6f622075fcc194ed66ee2d240"}
,"/Users/wedawiguna/Documents/Hacktive/bacth66/phase3/spotlessnEss/SpotlessNess/server/Controllers/cartController.js": {"path":"/Users/wedawiguna/Documents/Hacktive/bacth66/phase3/spotlessnEss/SpotlessNess/server/Controllers/cartController.js","statementMap":{"0":{"start":{"line":1,"column":13},"end":{"line":1,"column":38}},"1":{"start":{"line":3,"column":0},"end":{"line":15,"column":2}},"2":{"start":{"line":5,"column":4},"end":{"line":13,"column":5}},"3":{"start":{"line":6,"column":19},"end":{"line":6,"column":27}},"4":{"start":{"line":8,"column":21},"end":{"line":8,"column":45}},"5":{"start":{"line":10,"column":6},"end":{"line":10,"column":35}},"6":{"start":{"line":12,"column":6},"end":{"line":12,"column":18}}},"fnMap":{"0":{"name":"(anonymous_0)","decl":{"start":{"line":4,"column":2},"end":{"line":4,"column":3}},"loc":{"start":{"line":4,"column":39},"end":{"line":14,"column":3}},"line":4}},"branchMap":{},"s":{"0":10,"1":10,"2":0,"3":0,"4":0,"5":0,"6":0},"f":{"0":0},"b":{},"_coverageSchema":"1a1c01bbd47fc00a2c39e90264f33305004495a9","hash":"4f276d86ec99f92654f32e04b3098b52d46cb31d"}
,"/Users/wedawiguna/Documents/Hacktive/bacth66/phase3/spotlessnEss/SpotlessNess/server/Controllers/profileController.js": {"path":"/Users/wedawiguna/Documents/Hacktive/bacth66/phase3/spotlessnEss/SpotlessNess/server/Controllers/profileController.js","statementMap":{"0":{"start":{"line":1,"column":11},"end":{"line":1,"column":52}},"1":{"start":{"line":2,"column":16},"end":{"line":2,"column":44}},"2":{"start":{"line":4,"column":0},"end":{"line":36,"column":2}},"3":{"start":{"line":6,"column":4},"end":{"line":11,"column":5}},"4":{"start":{"line":7,"column":21},"end":{"line":7,"column":65}},"5":{"start":{"line":8,"column":6},"end":{"line":8,"column":35}},"6":{"start":{"line":10,"column":6},"end":{"line":10,"column":18}},"7":{"start":{"line":15,"column":4},"end":{"line":34,"column":5}},"8":{"start":{"line":16,"column":23},"end":{"line":18,"column":8}},"9":{"start":{"line":20,"column":19},"end":{"line":23,"column":7}},"10":{"start":{"line":25,"column":21},"end":{"line":25,"column":53}},"11":{"start":{"line":27,"column":6},"end":{"line":31,"column":7}},"12":{"start":{"line":28,"column":8},"end":{"line":30,"column":71}},"13":{"start":{"line":33,"column":6},"end":{"line":33,"column":18}}},"fnMap":{"0":{"name":"(anonymous_0)","decl":{"start":{"line":5,"column":2},"end":{"line":5,"column":3}},"loc":{"start":{"line":5,"column":42},"end":{"line":12,"column":3}},"line":5},"1":{"name":"(anonymous_1)","decl":{"start":{"line":14,"column":2},"end":{"line":14,"column":3}},"loc":{"start":{"line":14,"column":44},"end":{"line":35,"column":3}},"line":14}},"branchMap":{"0":{"loc":{"start":{"line":27,"column":6},"end":{"line":31,"column":7}},"type":"if","locations":[{"start":{"line":27,"column":6},"end":{"line":31,"column":7}},{"start":{},"end":{}}],"line":27}},"s":{"0":10,"1":10,"2":10,"3":1,"4":1,"5":1,"6":0,"7":1,"8":1,"9":1,"10":1,"11":1,"12":1,"13":0},"f":{"0":1,"1":1},"b":{"0":[1,0]},"_coverageSchema":"1a1c01bbd47fc00a2c39e90264f33305004495a9","hash":"5e8f713efe8ded0cf4edba8e74d48ae037e5dd90"}
,"/Users/wedawiguna/Documents/Hacktive/bacth66/phase3/spotlessnEss/SpotlessNess/server/Controllers/scheduleController.js": {"path":"/Users/wedawiguna/Documents/Hacktive/bacth66/phase3/spotlessnEss/SpotlessNess/server/Controllers/scheduleController.js","statementMap":{"0":{"start":{"line":1,"column":11},"end":{"line":1,"column":52}},"1":{"start":{"line":2,"column":63},"end":{"line":2,"column":92}},"2":{"start":{"line":4,"column":0},"end":{"line":38,"column":2}},"3":{"start":{"line":6,"column":4},"end":{"line":12,"column":5}},"4":{"start":{"line":7,"column":21},"end":{"line":7,"column":43}},"5":{"start":{"line":9,"column":6},"end":{"line":9,"column":35}},"6":{"start":{"line":11,"column":6},"end":{"line":11,"column":18}},"7":{"start":{"line":16,"column":4},"end":{"line":24,"column":5}},"8":{"start":{"line":17,"column":21},"end":{"line":17,"column":29}},"9":{"start":{"line":19,"column":23},"end":{"line":19,"column":50}},"10":{"start":{"line":21,"column":8},"end":{"line":21,"column":37}},"11":{"start":{"line":23,"column":8},"end":{"line":23,"column":20}},"12":{"start":{"line":28,"column":4},"end":{"line":36,"column":5}},"13":{"start":{"line":29,"column":21},"end":{"line":29,"column":31}},"14":{"start":{"line":31,"column":23},"end":{"line":31,"column":48}},"15":{"start":{"line":33,"column":8},"end":{"line":33,"column":37}},"16":{"start":{"line":35,"column":8},"end":{"line":35,"column":20}}},"fnMap":{"0":{"name":"(anonymous_0)","decl":{"start":{"line":5,"column":2},"end":{"line":5,"column":3}},"loc":{"start":{"line":5,"column":46},"end":{"line":13,"column":3}},"line":5},"1":{"name":"(anonymous_1)","decl":{"start":{"line":15,"column":2},"end":{"line":15,"column":3}},"loc":{"start":{"line":15,"column":49},"end":{"line":25,"column":3}},"line":15},"2":{"name":"(anonymous_2)","decl":{"start":{"line":27,"column":2},"end":{"line":27,"column":3}},"loc":{"start":{"line":27,"column":47},"end":{"line":37,"column":3}},"line":27}},"branchMap":{},"s":{"0":10,"1":10,"2":10,"3":0,"4":0,"5":0,"6":0,"7":0,"8":0,"9":0,"10":0,"11":0,"12":0,"13":0,"14":0,"15":0,"16":0},"f":{"0":0,"1":0,"2":0},"b":{},"_coverageSchema":"1a1c01bbd47fc00a2c39e90264f33305004495a9","hash":"e73b38d837d50f4e6d34d4d91a2ca42e12158626"}
,"/Users/wedawiguna/Documents/Hacktive/bacth66/phase3/spotlessnEss/SpotlessNess/server/Controllers/serviceController.js": {"path":"/Users/wedawiguna/Documents/Hacktive/bacth66/phase3/spotlessnEss/SpotlessNess/server/Controllers/serviceController.js","statementMap":{"0":{"start":{"line":1,"column":11},"end":{"line":1,"column":52}},"1":{"start":{"line":2,"column":25},"end":{"line":2,"column":61}},"2":{"start":{"line":3,"column":16},"end":{"line":3,"column":44}},"3":{"start":{"line":5,"column":0},"end":{"line":77,"column":2}},"4":{"start":{"line":34,"column":4},"end":{"line":42,"column":5}},"5":{"start":{"line":35,"column":21},"end":{"line":35,"column":47}},"6":{"start":{"line":37,"column":6},"end":{"line":39,"column":7}},"7":{"start":{"line":38,"column":8},"end":{"line":38,"column":37}},"8":{"start":{"line":41,"column":6},"end":{"line":41,"column":18}},"9":{"start":{"line":46,"column":4},"end":{"line":52,"column":5}},"10":{"start":{"line":47,"column":21},"end":{"line":47,"column":64}},"11":{"start":{"line":49,"column":6},"end":{"line":49,"column":35}},"12":{"start":{"line":51,"column":6},"end":{"line":51,"column":18}},"13":{"start":{"line":56,"column":4},"end":{"line":62,"column":5}},"14":{"start":{"line":57,"column":21},"end":{"line":57,"column":55}},"15":{"start":{"line":59,"column":6},"end":{"line":59,"column":80}},"16":{"start":{"line":61,"column":6},"end":{"line":61,"column":18}},"17":{"start":{"line":66,"column":4},"end":{"line":75,"column":5}},"18":{"start":{"line":67,"column":21},"end":{"line":67,"column":31}},"19":{"start":{"line":68,"column":21},"end":{"line":68,"column":52}},"20":{"start":{"line":70,"column":6},"end":{"line":72,"column":7}},"21":{"start":{"line":71,"column":8},"end":{"line":71,"column":71}},"22":{"start":{"line":74,"column":6},"end":{"line":74,"column":18}}},"fnMap":{"0":{"name":"(anonymous_0)","decl":{"start":{"line":33,"column":2},"end":{"line":33,"column":3}},"loc":{"start":{"line":33,"column":42},"end":{"line":43,"column":3}},"line":33},"1":{"name":"(anonymous_1)","decl":{"start":{"line":45,"column":2},"end":{"line":45,"column":3}},"loc":{"start":{"line":45,"column":46},"end":{"line":53,"column":3}},"line":45},"2":{"name":"(anonymous_2)","decl":{"start":{"line":55,"column":2},"end":{"line":55,"column":3}},"loc":{"start":{"line":55,"column":42},"end":{"line":63,"column":3}},"line":55},"3":{"name":"(anonymous_3)","decl":{"start":{"line":65,"column":2},"end":{"line":65,"column":3}},"loc":{"start":{"line":65,"column":45},"end":{"line":76,"column":3}},"line":65}},"branchMap":{"0":{"loc":{"start":{"line":37,"column":6},"end":{"line":39,"column":7}},"type":"if","locations":[{"start":{"line":37,"column":6},"end":{"line":39,"column":7}},{"start":{},"end":{}}],"line":37},"1":{"loc":{"start":{"line":70,"column":6},"end":{"line":72,"column":7}},"type":"if","locations":[{"start":{"line":70,"column":6},"end":{"line":72,"column":7}},{"start":{},"end":{}}],"line":70}},"s":{"0":10,"1":10,"2":10,"3":10,"4":1,"5":1,"6":1,"7":1,"8":0,"9":1,"10":1,"11":1,"12":0,"13":1,"14":1,"15":1,"16":0,"17":0,"18":0,"19":0,"20":0,"21":0,"22":0},"f":{"0":1,"1":1,"2":1,"3":0},"b":{"0":[1,0],"1":[0,0]},"_coverageSchema":"1a1c01bbd47fc00a2c39e90264f33305004495a9","hash":"c7adbb6eae5e650d529b53608bf605648f8ca409"}
,"/Users/wedawiguna/Documents/Hacktive/bacth66/phase3/spotlessnEss/SpotlessNess/server/Controllers/transactionController.js": {"path":"/Users/wedawiguna/Documents/Hacktive/bacth66/phase3/spotlessnEss/SpotlessNess/server/Controllers/transactionController.js","statementMap":{"0":{"start":{"line":1,"column":11},"end":{"line":1,"column":52}},"1":{"start":{"line":2,"column":21},"end":{"line":2,"column":39}},"2":{"start":{"line":3,"column":13},"end":{"line":3,"column":55}},"3":{"start":{"line":4,"column":20},"end":{"line":4,"column":52}},"4":{"start":{"line":8,"column":4},"end":{"line":20,"column":5}},"5":{"start":{"line":9,"column":19},"end":{"line":9,"column":27}},"6":{"start":{"line":11,"column":21},"end":{"line":11,"column":72}},"7":{"start":{"line":13,"column":6},"end":{"line":17,"column":9}},"8":{"start":{"line":19,"column":6},"end":{"line":19,"column":18}},"9":{"start":{"line":24,"column":4},"end":{"line":24,"column":26}},"10":{"start":{"line":25,"column":4},"end":{"line":36,"column":5}},"11":{"start":{"line":26,"column":21},"end":{"line":26,"column":66}},"12":{"start":{"line":28,"column":6},"end":{"line":32,"column":7}},"13":{"start":{"line":29,"column":8},"end":{"line":29,"column":62}},"14":{"start":{"line":31,"column":8},"end":{"line":31,"column":56}},"15":{"start":{"line":35,"column":6},"end":{"line":35,"column":18}},"16":{"start":{"line":40,"column":4},"end":{"line":46,"column":5}},"17":{"start":{"line":41,"column":21},"end":{"line":41,"column":58}},"18":{"start":{"line":43,"column":6},"end":{"line":43,"column":35}},"19":{"start":{"line":45,"column":6},"end":{"line":45,"column":18}},"20":{"start":{"line":50,"column":4},"end":{"line":58,"column":5}},"21":{"start":{"line":51,"column":21},"end":{"line":51,"column":31}},"22":{"start":{"line":53,"column":21},"end":{"line":53,"column":61}},"23":{"start":{"line":55,"column":6},"end":{"line":55,"column":35}},"24":{"start":{"line":57,"column":6},"end":{"line":57,"column":18}},"25":{"start":{"line":62,"column":4},"end":{"line":68,"column":5}},"26":{"start":{"line":63,"column":21},"end":{"line":63,"column":62}},"27":{"start":{"line":65,"column":6},"end":{"line":65,"column":35}},"28":{"start":{"line":67,"column":6},"end":{"line":67,"column":18}},"29":{"start":{"line":72,"column":4},"end":{"line":79,"column":5}},"30":{"start":{"line":73,"column":21},"end":{"line":73,"column":31}},"31":{"start":{"line":74,"column":21},"end":{"line":74,"column":68}},"32":{"start":{"line":76,"column":6},"end":{"line":76,"column":35}},"33":{"start":{"line":78,"column":6},"end":{"line":78,"column":18}},"34":{"start":{"line":83,"column":0},"end":{"line":83,"column":39}}},"fnMap":{"0":{"name":"(anonymous_0)","decl":{"start":{"line":7,"column":2},"end":{"line":7,"column":3}},"loc":{"start":{"line":7,"column":48},"end":{"line":21,"column":3}},"line":7},"1":{"name":"(anonymous_1)","decl":{"start":{"line":23,"column":2},"end":{"line":23,"column":3}},"loc":{"start":{"line":23,"column":44},"end":{"line":37,"column":3}},"line":23},"2":{"name":"(anonymous_2)","decl":{"start":{"line":39,"column":2},"end":{"line":39,"column":3}},"loc":{"start":{"line":39,"column":49},"end":{"line":47,"column":3}},"line":39},"3":{"name":"(anonymous_3)","decl":{"start":{"line":49,"column":2},"end":{"line":49,"column":3}},"loc":{"start":{"line":49,"column":50},"end":{"line":59,"column":3}},"line":49},"4":{"name":"(anonymous_4)","decl":{"start":{"line":61,"column":2},"end":{"line":61,"column":3}},"loc":{"start":{"line":61,"column":53},"end":{"line":69,"column":3}},"line":61},"5":{"name":"(anonymous_5)","decl":{"start":{"line":71,"column":2},"end":{"line":71,"column":3}},"loc":{"start":{"line":71,"column":57},"end":{"line":80,"column":3}},"line":71}},"branchMap":{"0":{"loc":{"start":{"line":28,"column":6},"end":{"line":32,"column":7}},"type":"if","locations":[{"start":{"line":28,"column":6},"end":{"line":32,"column":7}},{"start":{"line":30,"column":13},"end":{"line":32,"column":7}}],"line":28}},"s":{"0":10,"1":10,"2":10,"3":10,"4":0,"5":0,"6":0,"7":0,"8":0,"9":0,"10":0,"11":0,"12":0,"13":0,"14":0,"15":0,"16":0,"17":0,"18":0,"19":0,"20":0,"21":0,"22":0,"23":0,"24":0,"25":0,"26":0,"27":0,"28":0,"29":0,"30":0,"31":0,"32":0,"33":0,"34":10},"f":{"0":0,"1":0,"2":0,"3":0,"4":0,"5":0},"b":{"0":[0,0]},"_coverageSchema":"1a1c01bbd47fc00a2c39e90264f33305004495a9","hash":"a112d7572cf4379717de76a741c5dd81dfface3b"}
,"/Users/wedawiguna/Documents/Hacktive/bacth66/phase3/spotlessnEss/SpotlessNess/server/Controllers/userController.js": {"path":"/Users/wedawiguna/Documents/Hacktive/bacth66/phase3/spotlessnEss/SpotlessNess/server/Controllers/userController.js","statementMap":{"0":{"start":{"line":1,"column":11},"end":{"line":1,"column":52}},"1":{"start":{"line":2,"column":16},"end":{"line":2,"column":44}},"2":{"start":{"line":3,"column":13},"end":{"line":3,"column":39}},"3":{"start":{"line":5,"column":0},"end":{"line":101,"column":2}},"4":{"start":{"line":7,"column":4},"end":{"line":12,"column":5}},"5":{"start":{"line":8,"column":23},"end":{"line":8,"column":52}},"6":{"start":{"line":9,"column":6},"end":{"line":9,"column":66}},"7":{"start":{"line":11,"column":6},"end":{"line":11,"column":18}},"8":{"start":{"line":16,"column":4},"end":{"line":21,"column":5}},"9":{"start":{"line":17,"column":20},"end":{"line":17,"column":46}},"10":{"start":{"line":18,"column":6},"end":{"line":18,"column":52}},"11":{"start":{"line":20,"column":6},"end":{"line":20,"column":18}},"12":{"start":{"line":25,"column":4},"end":{"line":40,"column":5}},"13":{"start":{"line":26,"column":23},"end":{"line":26,"column":31}},"14":{"start":{"line":27,"column":26},"end":{"line":27,"column":46}},"15":{"start":{"line":28,"column":26},"end":{"line":28,"column":46}},"16":{"start":{"line":29,"column":21},"end":{"line":33,"column":7}},"17":{"start":{"line":35,"column":6},"end":{"line":37,"column":7}},"18":{"start":{"line":36,"column":8},"end":{"line":36,"column":79}},"19":{"start":{"line":39,"column":6},"end":{"line":39,"column":18}},"20":{"start":{"line":55,"column":4},"end":{"line":61,"column":5}},"21":{"start":{"line":56,"column":21},"end":{"line":56,"column":45}},"22":{"start":{"line":58,"column":6},"end":{"line":58,"column":35}},"23":{"start":{"line":60,"column":6},"end":{"line":60,"column":18}},"24":{"start":{"line":65,"column":4},"end":{"line":73,"column":5}},"25":{"start":{"line":66,"column":21},"end":{"line":66,"column":53}},"26":{"start":{"line":68,"column":6},"end":{"line":70,"column":7}},"27":{"start":{"line":69,"column":8},"end":{"line":69,"column":76}},"28":{"start":{"line":72,"column":6},"end":{"line":72,"column":18}},"29":{"start":{"line":77,"column":4},"end":{"line":85,"column":5}},"30":{"start":{"line":78,"column":21},"end":{"line":78,"column":74}},"31":{"start":{"line":80,"column":6},"end":{"line":82,"column":7}},"32":{"start":{"line":81,"column":8},"end":{"line":81,"column":79}},"33":{"start":{"line":84,"column":6},"end":{"line":84,"column":18}},"34":{"start":{"line":89,"column":4},"end":{"line":99,"column":5}},"35":{"start":{"line":90,"column":20},"end":{"line":90,"column":36}},"36":{"start":{"line":91,"column":26},"end":{"line":91,"column":43}},"37":{"start":{"line":92,"column":21},"end":{"line":92,"column":65}},"38":{"start":{"line":94,"column":6},"end":{"line":96,"column":7}},"39":{"start":{"line":95,"column":8},"end":{"line":95,"column":81}},"40":{"start":{"line":98,"column":6},"end":{"line":98,"column":18}}},"fnMap":{"0":{"name":"(anonymous_0)","decl":{"start":{"line":6,"column":2},"end":{"line":6,"column":3}},"loc":{"start":{"line":6,"column":40},"end":{"line":13,"column":3}},"line":6},"1":{"name":"(anonymous_1)","decl":{"start":{"line":15,"column":2},"end":{"line":15,"column":3}},"loc":{"start":{"line":15,"column":37},"end":{"line":22,"column":3}},"line":15},"2":{"name":"(anonymous_2)","decl":{"start":{"line":24,"column":2},"end":{"line":24,"column":3}},"loc":{"start":{"line":24,"column":46},"end":{"line":41,"column":3}},"line":24},"3":{"name":"(anonymous_3)","decl":{"start":{"line":54,"column":2},"end":{"line":54,"column":3}},"loc":{"start":{"line":54,"column":43},"end":{"line":62,"column":3}},"line":54},"4":{"name":"(anonymous_4)","decl":{"start":{"line":64,"column":2},"end":{"line":64,"column":3}},"loc":{"start":{"line":64,"column":43},"end":{"line":74,"column":3}},"line":64},"5":{"name":"(anonymous_5)","decl":{"start":{"line":76,"column":2},"end":{"line":76,"column":3}},"loc":{"start":{"line":76,"column":53},"end":{"line":86,"column":3}},"line":76},"6":{"name":"(anonymous_6)","decl":{"start":{"line":88,"column":2},"end":{"line":88,"column":3}},"loc":{"start":{"line":88,"column":45},"end":{"line":100,"column":3}},"line":88}},"branchMap":{"0":{"loc":{"start":{"line":35,"column":6},"end":{"line":37,"column":7}},"type":"if","locations":[{"start":{"line":35,"column":6},"end":{"line":37,"column":7}},{"start":{},"end":{}}],"line":35},"1":{"loc":{"start":{"line":68,"column":6},"end":{"line":70,"column":7}},"type":"if","locations":[{"start":{"line":68,"column":6},"end":{"line":70,"column":7}},{"start":{},"end":{}}],"line":68},"2":{"loc":{"start":{"line":80,"column":6},"end":{"line":82,"column":7}},"type":"if","locations":[{"start":{"line":80,"column":6},"end":{"line":82,"column":7}},{"start":{},"end":{}}],"line":80},"3":{"loc":{"start":{"line":94,"column":6},"end":{"line":96,"column":7}},"type":"if","locations":[{"start":{"line":94,"column":6},"end":{"line":96,"column":7}},{"start":{},"end":{}}],"line":94}},"s":{"0":10,"1":10,"2":10,"3":10,"4":4,"5":4,"6":1,"7":3,"8":1,"9":1,"10":1,"11":0,"12":1,"13":1,"14":1,"15":1,"16":1,"17":1,"18":1,"19":0,"20":1,"21":1,"22":1,"23":0,"24":1,"25":1,"26":1,"27":1,"28":0,"29":0,"30":0,"31":0,"32":0,"33":0,"34":0,"35":0,"36":0,"37":0,"38":0,"39":0,"40":0},"f":{"0":4,"1":1,"2":1,"3":1,"4":1,"5":0,"6":0},"b":{"0":[1,0],"1":[1,0],"2":[0,0],"3":[0,0]},"_coverageSchema":"1a1c01bbd47fc00a2c39e90264f33305004495a9","hash":"3c75bd020a91ee02fa8f71875684065a254d0ccb"}
,"/Users/wedawiguna/Documents/Hacktive/bacth66/phase3/spotlessnEss/SpotlessNess/server/db/config/midtransConnection.js": {"path":"/Users/wedawiguna/Documents/Hacktive/bacth66/phase3/spotlessnEss/SpotlessNess/server/db/config/midtransConnection.js","statementMap":{"0":{"start":{"line":1,"column":23},"end":{"line":1,"column":49}},"1":{"start":{"line":3,"column":13},"end":{"line":7,"column":2}},"2":{"start":{"line":9,"column":0},"end":{"line":9,"column":22}}},"fnMap":{},"branchMap":{},"s":{"0":10,"1":10,"2":10},"f":{},"b":{},"_coverageSchema":"1a1c01bbd47fc00a2c39e90264f33305004495a9","hash":"b6486caf4b0c8bc617ed3b789587e80b85fec830"}
,"/Users/wedawiguna/Documents/Hacktive/bacth66/phase3/spotlessnEss/SpotlessNess/server/db/config/mongodbConnection.js": {"path":"/Users/wedawiguna/Documents/Hacktive/bacth66/phase3/spotlessnEss/SpotlessNess/server/db/config/mongodbConnection.js","statementMap":{"0":{"start":{"line":1,"column":0},"end":{"line":1,"column":27}},"1":{"start":{"line":2,"column":42},"end":{"line":2,"column":60}},"2":{"start":{"line":3,"column":12},"end":{"line":3,"column":33}},"3":{"start":{"line":5,"column":15},"end":{"line":11,"column":2}},"4":{"start":{"line":13,"column":11},"end":{"line":13,"column":102}},"5":{"start":{"line":15,"column":0},"end":{"line":15,"column":19}}},"fnMap":{},"branchMap":{"0":{"loc":{"start":{"line":13,"column":11},"end":{"line":13,"column":102}},"type":"cond-expr","locations":[{"start":{"line":13,"column":45},"end":{"line":13,"column":74}},{"start":{"line":13,"column":77},"end":{"line":13,"column":102}}],"line":13}},"s":{"0":10,"1":10,"2":10,"3":10,"4":10,"5":10},"f":{},"b":{"0":[10,0]},"_coverageSchema":"1a1c01bbd47fc00a2c39e90264f33305004495a9","hash":"13dfa8f41a951d444d09107787ef6a8a88e8d7eb"}
,"/Users/wedawiguna/Documents/Hacktive/bacth66/phase3/spotlessnEss/SpotlessNess/server/helper/bcryptFunctions.js": {"path":"/Users/wedawiguna/Documents/Hacktive/bacth66/phase3/spotlessnEss/SpotlessNess/server/helper/bcryptFunctions.js","statementMap":{"0":{"start":{"line":1,"column":15},"end":{"line":1,"column":32}},"1":{"start":{"line":3,"column":21},"end":{"line":7,"column":1}},"2":{"start":{"line":4,"column":17},"end":{"line":4,"column":65}},"3":{"start":{"line":6,"column":2},"end":{"line":6,"column":16}},"4":{"start":{"line":9,"column":24},"end":{"line":13,"column":1}},"5":{"start":{"line":10,"column":17},"end":{"line":10,"column":63}},"6":{"start":{"line":12,"column":2},"end":{"line":12,"column":16}},"7":{"start":{"line":15,"column":0},"end":{"line":15,"column":51}}},"fnMap":{"0":{"name":"(anonymous_0)","decl":{"start":{"line":3,"column":21},"end":{"line":3,"column":22}},"loc":{"start":{"line":3,"column":35},"end":{"line":7,"column":1}},"line":3},"1":{"name":"(anonymous_1)","decl":{"start":{"line":9,"column":24},"end":{"line":9,"column":25}},"loc":{"start":{"line":9,"column":56},"end":{"line":13,"column":1}},"line":9}},"branchMap":{},"s":{"0":10,"1":10,"2":10,"3":10,"4":10,"5":3,"6":3,"7":10},"f":{"0":10,"1":3},"b":{},"_coverageSchema":"1a1c01bbd47fc00a2c39e90264f33305004495a9","hash":"c71cb28b9156e554b721bb3a21b9ef517605d6ec"}
,"/Users/wedawiguna/Documents/Hacktive/bacth66/phase3/spotlessnEss/SpotlessNess/server/helper/emailValidator.js": {"path":"/Users/wedawiguna/Documents/Hacktive/bacth66/phase3/spotlessnEss/SpotlessNess/server/helper/emailValidator.js","statementMap":{"0":{"start":{"line":1,"column":14},"end":{"line":1,"column":63}},"1":{"start":{"line":3,"column":22},"end":{"line":6,"column":1}},"2":{"start":{"line":4,"column":17},"end":{"line":4,"column":34}},"3":{"start":{"line":5,"column":2},"end":{"line":5,"column":15}},"4":{"start":{"line":8,"column":0},"end":{"line":8,"column":31}}},"fnMap":{"0":{"name":"(anonymous_0)","decl":{"start":{"line":3,"column":22},"end":{"line":3,"column":23}},"loc":{"start":{"line":3,"column":33},"end":{"line":6,"column":1}},"line":3}},"branchMap":{},"s":{"0":10,"1":10,"2":4,"3":4,"4":10},"f":{"0":4},"b":{},"_coverageSchema":"1a1c01bbd47fc00a2c39e90264f33305004495a9","hash":"7d75fc611f5c2b5319db2ef70ee288cc57321394"}
,"/Users/wedawiguna/Documents/Hacktive/bacth66/phase3/spotlessnEss/SpotlessNess/server/helper/nodemailerFunction.js": {"path":"/Users/wedawiguna/Documents/Hacktive/bacth66/phase3/spotlessnEss/SpotlessNess/server/helper/nodemailerFunction.js","statementMap":{"0":{"start":{"line":1,"column":19},"end":{"line":1,"column":40}},"1":{"start":{"line":4,"column":22},"end":{"line":12,"column":4}},"2":{"start":{"line":14,"column":22},"end":{"line":19,"column":3}},"3":{"start":{"line":21,"column":2},"end":{"line":27,"column":5}},"4":{"start":{"line":22,"column":4},"end":{"line":26,"column":5}},"5":{"start":{"line":23,"column":6},"end":{"line":23,"column":27}},"6":{"start":{"line":25,"column":6},"end":{"line":25,"column":50}},"7":{"start":{"line":30,"column":0},"end":{"line":30,"column":29}}},"fnMap":{"0":{"name":"sendMessage","decl":{"start":{"line":3,"column":15},"end":{"line":3,"column":26}},"loc":{"start":{"line":3,"column":66},"end":{"line":28,"column":1}},"line":3},"1":{"name":"(anonymous_1)","decl":{"start":{"line":21,"column":36},"end":{"line":21,"column":37}},"loc":{"start":{"line":21,"column":53},"end":{"line":27,"column":3}},"line":21}},"branchMap":{"0":{"loc":{"start":{"line":22,"column":4},"end":{"line":26,"column":5}},"type":"if","locations":[{"start":{"line":22,"column":4},"end":{"line":26,"column":5}},{"start":{"line":24,"column":11},"end":{"line":26,"column":5}}],"line":22}},"s":{"0":10,"1":0,"2":0,"3":0,"4":0,"5":0,"6":0,"7":10},"f":{"0":0,"1":0},"b":{"0":[0,0]},"_coverageSchema":"1a1c01bbd47fc00a2c39e90264f33305004495a9","hash":"09a4bce403886e0bc4733ed9afd20fdf42c62439"}
,"/Users/wedawiguna/Documents/Hacktive/bacth66/phase3/spotlessnEss/SpotlessNess/server/helper/scheduleValidate.js": {"path":"/Users/wedawiguna/Documents/Hacktive/bacth66/phase3/spotlessnEss/SpotlessNess/server/helper/scheduleValidate.js","statementMap":{"0":{"start":{"line":1,"column":11},"end":{"line":1,"column":52}},"1":{"start":{"line":2,"column":19},"end":{"line":2,"column":40}},"2":{"start":{"line":5,"column":2},"end":{"line":46,"column":3}},"3":{"start":{"line":6,"column":24},"end":{"line":6,"column":34}},"4":{"start":{"line":8,"column":4},"end":{"line":18,"column":6}},"5":{"start":{"line":20,"column":4},"end":{"line":30,"column":6}},"6":{"start":{"line":32,"column":4},"end":{"line":43,"column":5}},"7":{"start":{"line":45,"column":4},"end":{"line":45,"column":16}},"8":{"start":{"line":49,"column":0},"end":{"line":49,"column":30}}},"fnMap":{"0":{"name":"updateStatus","decl":{"start":{"line":4,"column":15},"end":{"line":4,"column":27}},"loc":{"start":{"line":4,"column":30},"end":{"line":47,"column":1}},"line":4}},"branchMap":{},"s":{"0":10,"1":10,"2":0,"3":0,"4":0,"5":0,"6":0,"7":0,"8":10},"f":{"0":0},"b":{},"_coverageSchema":"1a1c01bbd47fc00a2c39e90264f33305004495a9","hash":"8b9d414e67c1fabbdd44d1b0810a8968cfa8a713"}
,"/Users/wedawiguna/Documents/Hacktive/bacth66/phase3/spotlessnEss/SpotlessNess/server/middlewares/authentication.js": {"path":"/Users/wedawiguna/Documents/Hacktive/bacth66/phase3/spotlessnEss/SpotlessNess/server/middlewares/authentication.js","statementMap":{"0":{"start":{"line":1,"column":12},"end":{"line":1,"column":35}},"1":{"start":{"line":3,"column":23},"end":{"line":21,"column":1}},"2":{"start":{"line":4,"column":2},"end":{"line":20,"column":3}},"3":{"start":{"line":5,"column":4},"end":{"line":7,"column":5}},"4":{"start":{"line":6,"column":6},"end":{"line":6,"column":56}},"5":{"start":{"line":9,"column":24},"end":{"line":9,"column":49}},"6":{"start":{"line":11,"column":18},"end":{"line":11,"column":43}},"7":{"start":{"line":13,"column":24},"end":{"line":13,"column":66}},"8":{"start":{"line":15,"column":4},"end":{"line":15,"column":27}},"9":{"start":{"line":17,"column":4},"end":{"line":17,"column":11}},"10":{"start":{"line":19,"column":4},"end":{"line":19,"column":16}},"11":{"start":{"line":23,"column":0},"end":{"line":23,"column":32}}},"fnMap":{"0":{"name":"(anonymous_0)","decl":{"start":{"line":3,"column":23},"end":{"line":3,"column":24}},"loc":{"start":{"line":3,"column":49},"end":{"line":21,"column":1}},"line":3}},"branchMap":{"0":{"loc":{"start":{"line":5,"column":4},"end":{"line":7,"column":5}},"type":"if","locations":[{"start":{"line":5,"column":4},"end":{"line":7,"column":5}},{"start":{},"end":{}}],"line":5}},"s":{"0":10,"1":10,"2":8,"3":8,"4":0,"5":8,"6":8,"7":8,"8":8,"9":8,"10":0,"11":10},"f":{"0":8},"b":{"0":[0,8]},"_coverageSchema":"1a1c01bbd47fc00a2c39e90264f33305004495a9","hash":"105b684d095f0e43a4c157b04b4310f8042704c6"}
,"/Users/wedawiguna/Documents/Hacktive/bacth66/phase3/spotlessnEss/SpotlessNess/server/middlewares/authorization.js": {"path":"/Users/wedawiguna/Documents/Hacktive/bacth66/phase3/spotlessnEss/SpotlessNess/server/middlewares/authorization.js","statementMap":{"0":{"start":{"line":1,"column":22},"end":{"line":12,"column":1}},"1":{"start":{"line":2,"column":2},"end":{"line":11,"column":3}},"2":{"start":{"line":3,"column":17},"end":{"line":3,"column":30}},"3":{"start":{"line":4,"column":4},"end":{"line":8,"column":5}},"4":{"start":{"line":5,"column":8},"end":{"line":5,"column":14}},"5":{"start":{"line":7,"column":8},"end":{"line":7,"column":55}},"6":{"start":{"line":10,"column":4},"end":{"line":10,"column":16}},"7":{"start":{"line":14,"column":0},"end":{"line":14,"column":31}}},"fnMap":{"0":{"name":"(anonymous_0)","decl":{"start":{"line":1,"column":22},"end":{"line":1,"column":23}},"loc":{"start":{"line":1,"column":48},"end":{"line":12,"column":1}},"line":1}},"branchMap":{"0":{"loc":{"start":{"line":4,"column":4},"end":{"line":8,"column":5}},"type":"if","locations":[{"start":{"line":4,"column":4},"end":{"line":8,"column":5}},{"start":{"line":6,"column":11},"end":{"line":8,"column":5}}],"line":4}},"s":{"0":10,"1":2,"2":2,"3":2,"4":2,"5":0,"6":0,"7":10},"f":{"0":2},"b":{"0":[2,0]},"_coverageSchema":"1a1c01bbd47fc00a2c39e90264f33305004495a9","hash":"0b58fd0987142707ada50f173b2fbe51a9763d3e"}
,"/Users/wedawiguna/Documents/Hacktive/bacth66/phase3/spotlessnEss/SpotlessNess/server/middlewares/errorHandler.js": {"path":"/Users/wedawiguna/Documents/Hacktive/bacth66/phase3/spotlessnEss/SpotlessNess/server/middlewares/errorHandler.js","statementMap":{"0":{"start":{"line":1,"column":19},"end":{"line":8,"column":1}},"1":{"start":{"line":2,"column":2},"end":{"line":7,"column":3}},"2":{"start":{"line":3,"column":4},"end":{"line":3,"column":54}},"3":{"start":{"line":5,"column":4},"end":{"line":5,"column":21}},"4":{"start":{"line":6,"column":4},"end":{"line":6,"column":61}},"5":{"start":{"line":10,"column":0},"end":{"line":10,"column":32}}},"fnMap":{"0":{"name":"(anonymous_0)","decl":{"start":{"line":1,"column":19},"end":{"line":1,"column":20}},"loc":{"start":{"line":1,"column":44},"end":{"line":8,"column":1}},"line":1}},"branchMap":{"0":{"loc":{"start":{"line":2,"column":2},"end":{"line":7,"column":3}},"type":"if","locations":[{"start":{"line":2,"column":2},"end":{"line":7,"column":3}},{"start":{"line":4,"column":9},"end":{"line":7,"column":3}}],"line":2}},"s":{"0":10,"1":3,"2":2,"3":1,"4":1,"5":10},"f":{"0":3},"b":{"0":[2,1]},"_coverageSchema":"1a1c01bbd47fc00a2c39e90264f33305004495a9","hash":"7d6604d520f4c2ffc5377abf8ba8bd9e4a06d110"}
,"/Users/wedawiguna/Documents/Hacktive/bacth66/phase3/spotlessnEss/SpotlessNess/server/models/cart.js": {"path":"/Users/wedawiguna/Documents/Hacktive/bacth66/phase3/spotlessnEss/SpotlessNess/server/models/cart.js","statementMap":{"0":{"start":{"line":1,"column":11},"end":{"line":1,"column":52}},"1":{"start":{"line":2,"column":19},"end":{"line":2,"column":37}},"2":{"start":{"line":4,"column":0},"end":{"line":19,"column":2}},"3":{"start":{"line":7,"column":23},"end":{"line":9,"column":6}},"4":{"start":{"line":8,"column":6},"end":{"line":8,"column":41}},"5":{"start":{"line":10,"column":19},"end":{"line":15,"column":16}},"6":{"start":{"line":17,"column":4},"end":{"line":17,"column":18}}},"fnMap":{"0":{"name":"(anonymous_0)","decl":{"start":{"line":5,"column":2},"end":{"line":5,"column":3}},"loc":{"start":{"line":5,"column":29},"end":{"line":18,"column":3}},"line":5},"1":{"name":"(anonymous_1)","decl":{"start":{"line":7,"column":32},"end":{"line":7,"column":33}},"loc":{"start":{"line":7,"column":40},"end":{"line":9,"column":5}},"line":7}},"branchMap":{},"s":{"0":10,"1":10,"2":10,"3":0,"4":0,"5":0,"6":0},"f":{"0":0,"1":0},"b":{},"_coverageSchema":"1a1c01bbd47fc00a2c39e90264f33305004495a9","hash":"d0f92c8b5742506958efccd9b963178e96a9bed5"}
,"/Users/wedawiguna/Documents/Hacktive/bacth66/phase3/spotlessnEss/SpotlessNess/server/models/profile.js": {"path":"/Users/wedawiguna/Documents/Hacktive/bacth66/phase3/spotlessnEss/SpotlessNess/server/models/profile.js","statementMap":{"0":{"start":{"line":1,"column":11},"end":{"line":1,"column":52}},"1":{"start":{"line":5,"column":28},"end":{"line":7,"column":6}},"2":{"start":{"line":9,"column":4},"end":{"line":26,"column":5}},"3":{"start":{"line":10,"column":28},"end":{"line":24,"column":7}},"4":{"start":{"line":25,"column":6},"end":{"line":25,"column":26}},"5":{"start":{"line":28,"column":4},"end":{"line":31,"column":5}},"6":{"start":{"line":29,"column":23},"end":{"line":29,"column":69}},"7":{"start":{"line":30,"column":6},"end":{"line":30,"column":22}},"8":{"start":{"line":36,"column":21},"end":{"line":58,"column":16}},"9":{"start":{"line":60,"column":4},"end":{"line":62,"column":5}},"10":{"start":{"line":61,"column":6},"end":{"line":61,"column":53}},"11":{"start":{"line":64,"column":4},"end":{"line":64,"column":23}},"12":{"start":{"line":68,"column":0},"end":{"line":68,"column":25}}},"fnMap":{"0":{"name":"(anonymous_0)","decl":{"start":{"line":4,"column":2},"end":{"line":4,"column":3}},"loc":{"start":{"line":4,"column":34},"end":{"line":33,"column":3}},"line":4},"1":{"name":"(anonymous_1)","decl":{"start":{"line":35,"column":2},"end":{"line":35,"column":3}},"loc":{"start":{"line":35,"column":36},"end":{"line":65,"column":3}},"line":35}},"branchMap":{"0":{"loc":{"start":{"line":9,"column":4},"end":{"line":26,"column":5}},"type":"if","locations":[{"start":{"line":9,"column":4},"end":{"line":26,"column":5}},{"start":{},"end":{}}],"line":9},"1":{"loc":{"start":{"line":9,"column":8},"end":{"line":9,"column":31}},"type":"binary-expr","locations":[{"start":{"line":9,"column":8},"end":{"line":9,"column":23}},{"start":{"line":9,"column":27},"end":{"line":9,"column":31}}],"line":9},"2":{"loc":{"start":{"line":28,"column":4},"end":{"line":31,"column":5}},"type":"if","locations":[{"start":{"line":28,"column":4},"end":{"line":31,"column":5}},{"start":{},"end":{}}],"line":28},"3":{"loc":{"start":{"line":60,"column":4},"end":{"line":62,"column":5}},"type":"if","locations":[{"start":{"line":60,"column":4},"end":{"line":62,"column":5}},{"start":{},"end":{}}],"line":60}},"s":{"0":10,"1":1,"2":1,"3":0,"4":0,"5":1,"6":1,"7":1,"8":1,"9":1,"10":0,"11":1,"12":10},"f":{"0":1,"1":1},"b":{"0":[0,1],"1":[1,0],"2":[1,0],"3":[0,1]},"_coverageSchema":"1a1c01bbd47fc00a2c39e90264f33305004495a9","hash":"6d839cf6f249c5546d5ce0e75bd442dc670b2470"}
,"/Users/wedawiguna/Documents/Hacktive/bacth66/phase3/spotlessnEss/SpotlessNess/server/models/schedule.js": {"path":"/Users/wedawiguna/Documents/Hacktive/bacth66/phase3/spotlessnEss/SpotlessNess/server/models/schedule.js","statementMap":{"0":{"start":{"line":1,"column":11},"end":{"line":1,"column":52}},"1":{"start":{"line":2,"column":21},"end":{"line":2,"column":39}},"2":{"start":{"line":4,"column":0},"end":{"line":33,"column":2}},"3":{"start":{"line":6,"column":19},"end":{"line":6,"column":67}},"4":{"start":{"line":8,"column":4},"end":{"line":8,"column":18}},"5":{"start":{"line":12,"column":19},"end":{"line":17,"column":16}},"6":{"start":{"line":19,"column":4},"end":{"line":19,"column":18}},"7":{"start":{"line":23,"column":19},"end":{"line":27,"column":5}},"8":{"start":{"line":29,"column":4},"end":{"line":29,"column":60}},"9":{"start":{"line":29,"column":16},"end":{"line":29,"column":60}},"10":{"start":{"line":31,"column":4},"end":{"line":31,"column":17}}},"fnMap":{"0":{"name":"(anonymous_0)","decl":{"start":{"line":5,"column":2},"end":{"line":5,"column":3}},"loc":{"start":{"line":5,"column":32},"end":{"line":9,"column":3}},"line":5},"1":{"name":"(anonymous_1)","decl":{"start":{"line":11,"column":2},"end":{"line":11,"column":3}},"loc":{"start":{"line":11,"column":41},"end":{"line":20,"column":3}},"line":11},"2":{"name":"(anonymous_2)","decl":{"start":{"line":22,"column":2},"end":{"line":22,"column":3}},"loc":{"start":{"line":22,"column":35},"end":{"line":32,"column":3}},"line":22}},"branchMap":{"0":{"loc":{"start":{"line":29,"column":4},"end":{"line":29,"column":60}},"type":"if","locations":[{"start":{"line":29,"column":4},"end":{"line":29,"column":60}},{"start":{},"end":{}}],"line":29}},"s":{"0":10,"1":10,"2":10,"3":0,"4":0,"5":0,"6":0,"7":0,"8":0,"9":0,"10":0},"f":{"0":0,"1":0,"2":0},"b":{"0":[0,0]},"_coverageSchema":"1a1c01bbd47fc00a2c39e90264f33305004495a9","hash":"f75673dd6c0516fd2aec3020db24c050937d5e36"}
,"/Users/wedawiguna/Documents/Hacktive/bacth66/phase3/spotlessnEss/SpotlessNess/server/models/service.js": {"path":"/Users/wedawiguna/Documents/Hacktive/bacth66/phase3/spotlessnEss/SpotlessNess/server/models/service.js","statementMap":{"0":{"start":{"line":1,"column":11},"end":{"line":1,"column":52}},"1":{"start":{"line":2,"column":21},"end":{"line":2,"column":39}},"2":{"start":{"line":4,"column":0},"end":{"line":40,"column":2}},"3":{"start":{"line":6,"column":19},"end":{"line":6,"column":60}},"4":{"start":{"line":7,"column":4},"end":{"line":7,"column":18}},"5":{"start":{"line":12,"column":19},"end":{"line":14,"column":6}},"6":{"start":{"line":16,"column":4},"end":{"line":18,"column":5}},"7":{"start":{"line":17,"column":6},"end":{"line":17,"column":20}},"8":{"start":{"line":22,"column":19},"end":{"line":24,"column":6}},"9":{"start":{"line":26,"column":4},"end":{"line":26,"column":18}},"10":{"start":{"line":30,"column":19},"end":{"line":34,"column":5}},"11":{"start":{"line":36,"column":4},"end":{"line":36,"column":64}},"12":{"start":{"line":36,"column":16},"end":{"line":36,"column":64}},"13":{"start":{"line":38,"column":4},"end":{"line":38,"column":18}}},"fnMap":{"0":{"name":"(anonymous_0)","decl":{"start":{"line":5,"column":2},"end":{"line":5,"column":3}},"loc":{"start":{"line":5,"column":28},"end":{"line":8,"column":3}},"line":5},"1":{"name":"(anonymous_1)","decl":{"start":{"line":10,"column":2},"end":{"line":10,"column":3}},"loc":{"start":{"line":10,"column":34},"end":{"line":19,"column":3}},"line":10},"2":{"name":"(anonymous_2)","decl":{"start":{"line":21,"column":2},"end":{"line":21,"column":3}},"loc":{"start":{"line":21,"column":36},"end":{"line":27,"column":3}},"line":21},"3":{"name":"(anonymous_3)","decl":{"start":{"line":29,"column":2},"end":{"line":29,"column":3}},"loc":{"start":{"line":29,"column":33},"end":{"line":39,"column":3}},"line":29}},"branchMap":{"0":{"loc":{"start":{"line":16,"column":4},"end":{"line":18,"column":5}},"type":"if","locations":[{"start":{"line":16,"column":4},"end":{"line":18,"column":5}},{"start":{},"end":{}}],"line":16},"1":{"loc":{"start":{"line":36,"column":4},"end":{"line":36,"column":64}},"type":"if","locations":[{"start":{"line":36,"column":4},"end":{"line":36,"column":64}},{"start":{},"end":{}}],"line":36}},"s":{"0":10,"1":10,"2":10,"3":1,"4":1,"5":1,"6":1,"7":0,"8":1,"9":1,"10":0,"11":0,"12":0,"13":0},"f":{"0":1,"1":1,"2":1,"3":0},"b":{"0":[0,1],"1":[0,0]},"_coverageSchema":"1a1c01bbd47fc00a2c39e90264f33305004495a9","hash":"2c9f32ec24d2bb35b301350291ea084fec233b3e"}
,"/Users/wedawiguna/Documents/Hacktive/bacth66/phase3/spotlessnEss/SpotlessNess/server/models/transaction.js": {"path":"/Users/wedawiguna/Documents/Hacktive/bacth66/phase3/spotlessnEss/SpotlessNess/server/models/transaction.js","statementMap":{"0":{"start":{"line":1,"column":13},"end":{"line":1,"column":55}},"1":{"start":{"line":2,"column":21},"end":{"line":2,"column":39}},"2":{"start":{"line":3,"column":11},"end":{"line":3,"column":52}},"3":{"start":{"line":4,"column":20},"end":{"line":4,"column":59}},"4":{"start":{"line":5,"column":11},"end":{"line":5,"column":24}},"5":{"start":{"line":7,"column":0},"end":{"line":207,"column":2}},"6":{"start":{"line":9,"column":4},"end":{"line":11,"column":5}},"7":{"start":{"line":10,"column":6},"end":{"line":10,"column":59}},"8":{"start":{"line":13,"column":25},"end":{"line":19,"column":6}},"9":{"start":{"line":14,"column":6},"end":{"line":18,"column":8}},"10":{"start":{"line":21,"column":24},"end":{"line":26,"column":16}},"11":{"start":{"line":24,"column":56},"end":{"line":24,"column":60}},"12":{"start":{"line":28,"column":30},"end":{"line":34,"column":6}},"13":{"start":{"line":29,"column":6},"end":{"line":33,"column":8}},"14":{"start":{"line":36,"column":22},"end":{"line":36,"column":23}},"15":{"start":{"line":38,"column":4},"end":{"line":40,"column":7}},"16":{"start":{"line":39,"column":6},"end":{"line":39,"column":30}},"17":{"start":{"line":42,"column":19},"end":{"line":42,"column":27}},"18":{"start":{"line":44,"column":24},"end":{"line":44,"column":34}},"19":{"start":{"line":46,"column":24},"end":{"line":46,"column":45}},"20":{"start":{"line":47,"column":4},"end":{"line":47,"column":53}},"21":{"start":{"line":49,"column":30},"end":{"line":57,"column":6}},"22":{"start":{"line":59,"column":22},"end":{"line":75,"column":5}},"23":{"start":{"line":77,"column":24},"end":{"line":77,"column":63}},"24":{"start":{"line":79,"column":27},"end":{"line":79,"column":44}},"25":{"start":{"line":81,"column":30},"end":{"line":90,"column":5}},"26":{"start":{"line":92,"column":4},"end":{"line":95,"column":6}},"27":{"start":{"line":99,"column":4},"end":{"line":155,"column":5}},"28":{"start":{"line":103,"column":6},"end":{"line":113,"column":8}},"29":{"start":{"line":115,"column":30},"end":{"line":117,"column":8}},"30":{"start":{"line":119,"column":23},"end":{"line":121,"column":8}},"31":{"start":{"line":123,"column":28},"end":{"line":126,"column":7}},"32":{"start":{"line":128,"column":28},"end":{"line":130,"column":53}},"33":{"start":{"line":132,"column":6},"end":{"line":132,"column":74}},"34":{"start":{"line":134,"column":27},"end":{"line":134,"column":54}},"35":{"start":{"line":136,"column":29},"end":{"line":148,"column":8}},"36":{"start":{"line":137,"column":27},"end":{"line":137,"column":63}},"37":{"start":{"line":138,"column":8},"end":{"line":147,"column":10}},"38":{"start":{"line":150,"column":6},"end":{"line":150,"column":65}},"39":{"start":{"line":152,"column":6},"end":{"line":152,"column":18}},"40":{"start":{"line":154,"column":6},"end":{"line":154,"column":19}},"41":{"start":{"line":159,"column":17},"end":{"line":171,"column":16}},"42":{"start":{"line":173,"column":4},"end":{"line":173,"column":16}},"43":{"start":{"line":177,"column":17},"end":{"line":179,"column":6}},"44":{"start":{"line":181,"column":4},"end":{"line":181,"column":62}},"45":{"start":{"line":181,"column":15},"end":{"line":181,"column":62}},"46":{"start":{"line":183,"column":4},"end":{"line":183,"column":16}},"47":{"start":{"line":187,"column":17},"end":{"line":192,"column":16}},"48":{"start":{"line":194,"column":4},"end":{"line":194,"column":16}},"49":{"start":{"line":198,"column":17},"end":{"line":203,"column":16}},"50":{"start":{"line":205,"column":4},"end":{"line":205,"column":16}}},"fnMap":{"0":{"name":"(anonymous_0)","decl":{"start":{"line":8,"column":2},"end":{"line":8,"column":3}},"loc":{"start":{"line":8,"column":52},"end":{"line":96,"column":3}},"line":8},"1":{"name":"(anonymous_1)","decl":{"start":{"line":13,"column":37},"end":{"line":13,"column":38}},"loc":{"start":{"line":13,"column":45},"end":{"line":19,"column":5}},"line":13},"2":{"name":"(anonymous_2)","decl":{"start":{"line":24,"column":49},"end":{"line":24,"column":50}},"loc":{"start":{"line":24,"column":56},"end":{"line":24,"column":60}},"line":24},"3":{"name":"(anonymous_3)","decl":{"start":{"line":28,"column":46},"end":{"line":28,"column":47}},"loc":{"start":{"line":28,"column":61},"end":{"line":34,"column":5}},"line":28},"4":{"name":"(anonymous_4)","decl":{"start":{"line":38,"column":30},"end":{"line":38,"column":31}},"loc":{"start":{"line":38,"column":38},"end":{"line":40,"column":5}},"line":38},"5":{"name":"(anonymous_5)","decl":{"start":{"line":98,"column":2},"end":{"line":98,"column":3}},"loc":{"start":{"line":98,"column":39},"end":{"line":156,"column":3}},"line":98},"6":{"name":"(anonymous_6)","decl":{"start":{"line":136,"column":46},"end":{"line":136,"column":47}},"loc":{"start":{"line":136,"column":54},"end":{"line":148,"column":7}},"line":136},"7":{"name":"(anonymous_7)","decl":{"start":{"line":158,"column":2},"end":{"line":158,"column":3}},"loc":{"start":{"line":158,"column":35},"end":{"line":174,"column":3}},"line":158},"8":{"name":"(anonymous_8)","decl":{"start":{"line":176,"column":2},"end":{"line":176,"column":3}},"loc":{"start":{"line":176,"column":38},"end":{"line":184,"column":3}},"line":176},"9":{"name":"(anonymous_9)","decl":{"start":{"line":186,"column":2},"end":{"line":186,"column":3}},"loc":{"start":{"line":186,"column":39},"end":{"line":195,"column":3}},"line":186},"10":{"name":"(anonymous_10)","decl":{"start":{"line":197,"column":2},"end":{"line":197,"column":3}},"loc":{"start":{"line":197,"column":45},"end":{"line":206,"column":3}},"line":197}},"branchMap":{"0":{"loc":{"start":{"line":9,"column":4},"end":{"line":11,"column":5}},"type":"if","locations":[{"start":{"line":9,"column":4},"end":{"line":11,"column":5}},{"start":{},"end":{}}],"line":9},"1":{"loc":{"start":{"line":99,"column":4},"end":{"line":155,"column":5}},"type":"if","locations":[{"start":{"line":99,"column":4},"end":{"line":155,"column":5}},{"start":{"line":153,"column":11},"end":{"line":155,"column":5}}],"line":99},"2":{"loc":{"start":{"line":100,"column":6},"end":{"line":101,"column":36}},"type":"binary-expr","locations":[{"start":{"line":100,"column":6},"end":{"line":100,"column":43}},{"start":{"line":101,"column":6},"end":{"line":101,"column":36}}],"line":100},"3":{"loc":{"start":{"line":181,"column":4},"end":{"line":181,"column":62}},"type":"if","locations":[{"start":{"line":181,"column":4},"end":{"line":181,"column":62}},{"start":{},"end":{}}],"line":181}},"s":{"0":10,"1":10,"2":10,"3":10,"4":10,"5":10,"6":0,"7":0,"8":0,"9":0,"10":0,"11":0,"12":0,"13":0,"14":0,"15":0,"16":0,"17":0,"18":0,"19":0,"20":0,"21":0,"22":0,"23":0,"24":0,"25":0,"26":0,"27":0,"28":0,"29":0,"30":0,"31":0,"32":0,"33":0,"34":0,"35":0,"36":0,"37":0,"38":0,"39":0,"40":0,"41":0,"42":0,"43":0,"44":0,"45":0,"46":0,"47":0,"48":0,"49":0,"50":0},"f":{"0":0,"1":0,"2":0,"3":0,"4":0,"5":0,"6":0,"7":0,"8":0,"9":0,"10":0},"b":{"0":[0,0],"1":[0,0],"2":[0,0],"3":[0,0]},"_coverageSchema":"1a1c01bbd47fc00a2c39e90264f33305004495a9","hash":"03bf57c8d890e848079838cd736afd1e130cdc8f"}
,"/Users/wedawiguna/Documents/Hacktive/bacth66/phase3/spotlessnEss/SpotlessNess/server/models/users.js": {"path":"/Users/wedawiguna/Documents/Hacktive/bacth66/phase3/spotlessnEss/SpotlessNess/server/models/users.js","statementMap":{"0":{"start":{"line":1,"column":11},"end":{"line":1,"column":52}},"1":{"start":{"line":2,"column":15},"end":{"line":2,"column":32}},"2":{"start":{"line":3,"column":22},"end":{"line":3,"column":57}},"3":{"start":{"line":4,"column":12},"end":{"line":4,"column":35}},"4":{"start":{"line":5,"column":42},"end":{"line":5,"column":78}},"5":{"start":{"line":6,"column":21},"end":{"line":6,"column":39}},"6":{"start":{"line":7,"column":20},"end":{"line":7,"column":59}},"7":{"start":{"line":8,"column":11},"end":{"line":8,"column":24}},"8":{"start":{"line":12,"column":4},"end":{"line":17,"column":5}},"9":{"start":{"line":13,"column":6},"end":{"line":16,"column":8}},"10":{"start":{"line":19,"column":32},"end":{"line":19,"column":57}},"11":{"start":{"line":21,"column":4},"end":{"line":22,"column":59}},"12":{"start":{"line":22,"column":6},"end":{"line":22,"column":59}},"13":{"start":{"line":24,"column":23},"end":{"line":29,"column":16}},"14":{"start":{"line":31,"column":4},"end":{"line":33,"column":5}},"15":{"start":{"line":32,"column":6},"end":{"line":32,"column":63}},"16":{"start":{"line":35,"column":23},"end":{"line":39,"column":5}},"17":{"start":{"line":41,"column":21},"end":{"line":41,"column":72}},"18":{"start":{"line":43,"column":4},"end":{"line":43,"column":20}},"19":{"start":{"line":47,"column":32},"end":{"line":47,"column":57}},"20":{"start":{"line":49,"column":4},"end":{"line":51,"column":5}},"21":{"start":{"line":50,"column":6},"end":{"line":50,"column":60}},"22":{"start":{"line":53,"column":21},"end":{"line":58,"column":16}},"23":{"start":{"line":60,"column":4},"end":{"line":62,"column":5}},"24":{"start":{"line":61,"column":6},"end":{"line":61,"column":67}},"25":{"start":{"line":64,"column":29},"end":{"line":67,"column":5}},"26":{"start":{"line":69,"column":4},"end":{"line":71,"column":5}},"27":{"start":{"line":70,"column":6},"end":{"line":70,"column":67}},"28":{"start":{"line":73,"column":18},"end":{"line":81,"column":5}},"29":{"start":{"line":83,"column":4},"end":{"line":83,"column":17}},"30":{"start":{"line":87,"column":25},"end":{"line":89,"column":41}},"31":{"start":{"line":91,"column":4},"end":{"line":91,"column":71}},"32":{"start":{"line":91,"column":23},"end":{"line":91,"column":71}},"33":{"start":{"line":93,"column":30},"end":{"line":96,"column":5}},"34":{"start":{"line":98,"column":4},"end":{"line":99,"column":65}},"35":{"start":{"line":99,"column":6},"end":{"line":99,"column":65}},"36":{"start":{"line":101,"column":30},"end":{"line":104,"column":5}},"37":{"start":{"line":106,"column":4},"end":{"line":110,"column":8}},"38":{"start":{"line":107,"column":6},"end":{"line":110,"column":8}},"39":{"start":{"line":112,"column":27},"end":{"line":121,"column":5}},"40":{"start":{"line":123,"column":4},"end":{"line":124,"column":64}},"41":{"start":{"line":124,"column":6},"end":{"line":124,"column":64}},"42":{"start":{"line":126,"column":4},"end":{"line":126,"column":26}},"43":{"start":{"line":130,"column":19},"end":{"line":135,"column":16}},"44":{"start":{"line":137,"column":4},"end":{"line":137,"column":18}},"45":{"start":{"line":141,"column":29},"end":{"line":141,"column":39}},"46":{"start":{"line":143,"column":4},"end":{"line":144,"column":60}},"47":{"start":{"line":144,"column":6},"end":{"line":144,"column":60}},"48":{"start":{"line":146,"column":4},"end":{"line":146,"column":75}},"49":{"start":{"line":146,"column":24},"end":{"line":146,"column":75}},"50":{"start":{"line":148,"column":4},"end":{"line":148,"column":75}},"51":{"start":{"line":148,"column":24},"end":{"line":148,"column":75}},"52":{"start":{"line":150,"column":4},"end":{"line":150,"column":48}},"53":{"start":{"line":151,"column":4},"end":{"line":151,"column":27}},"54":{"start":{"line":153,"column":19},"end":{"line":153,"column":62}},"55":{"start":{"line":155,"column":4},"end":{"line":155,"column":18}},"56":{"start":{"line":159,"column":24},"end":{"line":159,"column":34}},"57":{"start":{"line":160,"column":23},"end":{"line":160,"column":44}},"58":{"start":{"line":161,"column":4},"end":{"line":161,"column":50}},"59":{"start":{"line":163,"column":29},"end":{"line":165,"column":6}},"60":{"start":{"line":167,"column":4},"end":{"line":168,"column":60}},"61":{"start":{"line":168,"column":6},"end":{"line":168,"column":60}},"62":{"start":{"line":170,"column":31},"end":{"line":173,"column":6}},"63":{"start":{"line":175,"column":4},"end":{"line":179,"column":8}},"64":{"start":{"line":176,"column":6},"end":{"line":179,"column":8}},"65":{"start":{"line":181,"column":19},"end":{"line":186,"column":6}},"66":{"start":{"line":188,"column":26},"end":{"line":188,"column":78}},"67":{"start":{"line":190,"column":25},"end":{"line":193,"column":5}},"68":{"start":{"line":195,"column":4},"end":{"line":195,"column":61}},"69":{"start":{"line":197,"column":4},"end":{"line":197,"column":18}},"70":{"start":{"line":201,"column":31},"end":{"line":204,"column":6}},"71":{"start":{"line":206,"column":4},"end":{"line":207,"column":60}},"72":{"start":{"line":207,"column":6},"end":{"line":207,"column":60}},"73":{"start":{"line":209,"column":4},"end":{"line":218,"column":6}},"74":{"start":{"line":220,"column":4},"end":{"line":229,"column":6}},"75":{"start":{"line":231,"column":4},"end":{"line":231,"column":16}},"76":{"start":{"line":235,"column":0},"end":{"line":235,"column":22}}},"fnMap":{"0":{"name":"(anonymous_0)","decl":{"start":{"line":11,"column":2},"end":{"line":11,"column":3}},"loc":{"start":{"line":11,"column":30},"end":{"line":44,"column":3}},"line":11},"1":{"name":"(anonymous_1)","decl":{"start":{"line":46,"column":2},"end":{"line":46,"column":3}},"loc":{"start":{"line":46,"column":27},"end":{"line":84,"column":3}},"line":46},"2":{"name":"(anonymous_2)","decl":{"start":{"line":86,"column":2},"end":{"line":86,"column":3}},"loc":{"start":{"line":86,"column":66},"end":{"line":127,"column":3}},"line":86},"3":{"name":"(anonymous_3)","decl":{"start":{"line":129,"column":2},"end":{"line":129,"column":3}},"loc":{"start":{"line":129,"column":29},"end":{"line":138,"column":3}},"line":129},"4":{"name":"(anonymous_4)","decl":{"start":{"line":140,"column":2},"end":{"line":140,"column":3}},"loc":{"start":{"line":140,"column":33},"end":{"line":156,"column":3}},"line":140},"5":{"name":"(anonymous_5)","decl":{"start":{"line":158,"column":2},"end":{"line":158,"column":3}},"loc":{"start":{"line":158,"column":49},"end":{"line":198,"column":3}},"line":158},"6":{"name":"(anonymous_6)","decl":{"start":{"line":200,"column":2},"end":{"line":200,"column":3}},"loc":{"start":{"line":200,"column":46},"end":{"line":232,"column":3}},"line":200}},"branchMap":{"0":{"loc":{"start":{"line":12,"column":4},"end":{"line":17,"column":5}},"type":"if","locations":[{"start":{"line":12,"column":4},"end":{"line":17,"column":5}},{"start":{},"end":{}}],"line":12},"1":{"loc":{"start":{"line":21,"column":4},"end":{"line":22,"column":59}},"type":"if","locations":[{"start":{"line":21,"column":4},"end":{"line":22,"column":59}},{"start":{},"end":{}}],"line":21},"2":{"loc":{"start":{"line":31,"column":4},"end":{"line":33,"column":5}},"type":"if","locations":[{"start":{"line":31,"column":4},"end":{"line":33,"column":5}},{"start":{},"end":{}}],"line":31},"3":{"loc":{"start":{"line":49,"column":4},"end":{"line":51,"column":5}},"type":"if","locations":[{"start":{"line":49,"column":4},"end":{"line":51,"column":5}},{"start":{},"end":{}}],"line":49},"4":{"loc":{"start":{"line":60,"column":4},"end":{"line":62,"column":5}},"type":"if","locations":[{"start":{"line":60,"column":4},"end":{"line":62,"column":5}},{"start":{},"end":{}}],"line":60},"5":{"loc":{"start":{"line":69,"column":4},"end":{"line":71,"column":5}},"type":"if","locations":[{"start":{"line":69,"column":4},"end":{"line":71,"column":5}},{"start":{},"end":{}}],"line":69},"6":{"loc":{"start":{"line":91,"column":4},"end":{"line":91,"column":71}},"type":"if","locations":[{"start":{"line":91,"column":4},"end":{"line":91,"column":71}},{"start":{},"end":{}}],"line":91},"7":{"loc":{"start":{"line":98,"column":4},"end":{"line":99,"column":65}},"type":"if","locations":[{"start":{"line":98,"column":4},"end":{"line":99,"column":65}},{"start":{},"end":{}}],"line":98},"8":{"loc":{"start":{"line":106,"column":4},"end":{"line":110,"column":8}},"type":"if","locations":[{"start":{"line":106,"column":4},"end":{"line":110,"column":8}},{"start":{},"end":{}}],"line":106},"9":{"loc":{"start":{"line":123,"column":4},"end":{"line":124,"column":64}},"type":"if","locations":[{"start":{"line":123,"column":4},"end":{"line":124,"column":64}},{"start":{},"end":{}}],"line":123},"10":{"loc":{"start":{"line":143,"column":4},"end":{"line":144,"column":60}},"type":"if","locations":[{"start":{"line":143,"column":4},"end":{"line":144,"column":60}},{"start":{},"end":{}}],"line":143},"11":{"loc":{"start":{"line":146,"column":4},"end":{"line":146,"column":75}},"type":"if","locations":[{"start":{"line":146,"column":4},"end":{"line":146,"column":75}},{"start":{},"end":{}}],"line":146},"12":{"loc":{"start":{"line":148,"column":4},"end":{"line":148,"column":75}},"type":"if","locations":[{"start":{"line":148,"column":4},"end":{"line":148,"column":75}},{"start":{},"end":{}}],"line":148},"13":{"loc":{"start":{"line":167,"column":4},"end":{"line":168,"column":60}},"type":"if","locations":[{"start":{"line":167,"column":4},"end":{"line":168,"column":60}},{"start":{},"end":{}}],"line":167},"14":{"loc":{"start":{"line":175,"column":4},"end":{"line":179,"column":8}},"type":"if","locations":[{"start":{"line":175,"column":4},"end":{"line":179,"column":8}},{"start":{},"end":{}}],"line":175},"15":{"loc":{"start":{"line":206,"column":4},"end":{"line":207,"column":60}},"type":"if","locations":[{"start":{"line":206,"column":4},"end":{"line":207,"column":60}},{"start":{},"end":{}}],"line":206}},"s":{"0":10,"1":10,"2":10,"3":10,"4":10,"5":10,"6":10,"7":10,"8":4,"9":0,"10":3,"11":3,"12":1,"13":2,"14":2,"15":1,"16":1,"17":1,"18":1,"19":1,"20":1,"21":0,"22":1,"23":1,"24":0,"25":1,"26":1,"27":0,"28":1,"29":1,"30":1,"31":1,"32":0,"33":1,"34":1,"35":0,"36":1,"37":1,"38":0,"39":1,"40":1,"41":0,"42":1,"43":1,"44":1,"45":1,"46":1,"47":0,"48":1,"49":0,"50":1,"51":0,"52":1,"53":1,"54":1,"55":1,"56":0,"57":0,"58":0,"59":0,"60":0,"61":0,"62":0,"63":0,"64":0,"65":0,"66":0,"67":0,"68":0,"69":0,"70":0,"71":0,"72":0,"73":0,"74":0,"75":0,"76":10},"f":{"0":4,"1":1,"2":1,"3":1,"4":1,"5":0,"6":0},"b":{"0":[0,3],"1":[1,2],"2":[1,1],"3":[0,1],"4":[0,1],"5":[0,1],"6":[0,1],"7":[0,1],"8":[0,1],"9":[0,1],"10":[0,1],"11":[0,1],"12":[0,1],"13":[0,0],"14":[0,0],"15":[0,0]},"_coverageSchema":"1a1c01bbd47fc00a2c39e90264f33305004495a9","hash":"c0d0712cede3cad0a013c994780ebc834e8e6fca"}
,"/Users/wedawiguna/Documents/Hacktive/bacth66/phase3/spotlessnEss/SpotlessNess/server/routers/router.js": {"path":"/Users/wedawiguna/Documents/Hacktive/bacth66/phase3/spotlessnEss/SpotlessNess/server/routers/router.js","statementMap":{"0":{"start":{"line":1,"column":16},"end":{"line":1,"column":34}},"1":{"start":{"line":2,"column":15},"end":{"line":2,"column":31}},"2":{"start":{"line":3,"column":13},"end":{"line":3,"column":33}},"3":{"start":{"line":4,"column":23},"end":{"line":4,"column":63}},"4":{"start":{"line":5,"column":23},"end":{"line":5,"column":63}},"5":{"start":{"line":6,"column":26},"end":{"line":6,"column":69}},"6":{"start":{"line":7,"column":26},"end":{"line":7,"column":69}},"7":{"start":{"line":8,"column":30},"end":{"line":8,"column":77}},"8":{"start":{"line":9,"column":27},"end":{"line":9,"column":71}},"9":{"start":{"line":10,"column":21},"end":{"line":10,"column":58}},"10":{"start":{"line":11,"column":22},"end":{"line":11,"column":61}},"11":{"start":{"line":12,"column":23},"end":{"line":12,"column":63}},"12":{"start":{"line":14,"column":0},"end":{"line":14,"column":50}},"13":{"start":{"line":15,"column":0},"end":{"line":15,"column":44}},"14":{"start":{"line":16,"column":0},"end":{"line":16,"column":71}},"15":{"start":{"line":17,"column":0},"end":{"line":17,"column":69}},"16":{"start":{"line":18,"column":0},"end":{"line":18,"column":69}},"17":{"start":{"line":21,"column":0},"end":{"line":21,"column":27}},"18":{"start":{"line":23,"column":0},"end":{"line":23,"column":62}},"19":{"start":{"line":24,"column":0},"end":{"line":24,"column":53}},"20":{"start":{"line":25,"column":0},"end":{"line":25,"column":57}},"21":{"start":{"line":27,"column":0},"end":{"line":27,"column":71}},"22":{"start":{"line":29,"column":0},"end":{"line":29,"column":54}},"23":{"start":{"line":30,"column":0},"end":{"line":30,"column":62}},"24":{"start":{"line":31,"column":0},"end":{"line":31,"column":55}},"25":{"start":{"line":32,"column":0},"end":{"line":32,"column":64}},"26":{"start":{"line":34,"column":0},"end":{"line":34,"column":45}},"27":{"start":{"line":36,"column":0},"end":{"line":36,"column":73}},"28":{"start":{"line":38,"column":0},"end":{"line":38,"column":26}},"29":{"start":{"line":40,"column":0},"end":{"line":40,"column":52}},"30":{"start":{"line":41,"column":0},"end":{"line":41,"column":53}},"31":{"start":{"line":42,"column":0},"end":{"line":42,"column":72}},"32":{"start":{"line":43,"column":0},"end":{"line":43,"column":77}},"33":{"start":{"line":44,"column":0},"end":{"line":47,"column":2}},"34":{"start":{"line":48,"column":0},"end":{"line":48,"column":96}},"35":{"start":{"line":49,"column":0},"end":{"line":49,"column":63}},"36":{"start":{"line":50,"column":0},"end":{"line":50,"column":68}},"37":{"start":{"line":52,"column":0},"end":{"line":63,"column":2}},"38":{"start":{"line":55,"column":4},"end":{"line":57,"column":6}},"39":{"start":{"line":56,"column":6},"end":{"line":56,"column":60}},"40":{"start":{"line":65,"column":0},"end":{"line":65,"column":24}}},"fnMap":{"0":{"name":"(anonymous_0)","decl":{"start":{"line":54,"column":2},"end":{"line":54,"column":3}},"loc":{"start":{"line":54,"column":8},"end":{"line":58,"column":3}},"line":54},"1":{"name":"(anonymous_1)","decl":{"start":{"line":55,"column":25},"end":{"line":55,"column":26}},"loc":{"start":{"line":56,"column":6},"end":{"line":56,"column":60}},"line":56}},"branchMap":{},"s":{"0":10,"1":10,"2":10,"3":10,"4":10,"5":10,"6":10,"7":10,"8":10,"9":10,"10":10,"11":10,"12":10,"13":10,"14":10,"15":10,"16":10,"17":10,"18":10,"19":10,"20":10,"21":10,"22":10,"23":10,"24":10,"25":10,"26":10,"27":10,"28":10,"29":10,"30":10,"31":10,"32":10,"33":10,"34":10,"35":10,"36":10,"37":10,"38":0,"39":0,"40":10},"f":{"0":0,"1":0},"b":{},"_coverageSchema":"1a1c01bbd47fc00a2c39e90264f33305004495a9","hash":"e9ee73f0f543d40e065058c4bdb07434ecfd43ed"}
}
