TN:
SF:app.js
FNF:0
FNH:0
DA:1,10
DA:2,10
DA:3,10
DA:4,10
DA:5,10
DA:6,10
DA:7,10
DA:9,10
DA:10,10
DA:11,10
DA:12,10
DA:13,10
DA:15,10
LF:13
LH:13
BRF:0
BRH:0
end_of_record
TN:
SF:Controllers/cartController.js
FN:4,(anonymous_0)
FNF:1
FNH:0
FNDA:0,(anonymous_0)
DA:1,10
DA:3,10
DA:5,0
DA:6,0
DA:8,0
DA:10,0
DA:12,0
LF:7
LH:2
BRF:0
BRH:0
end_of_record
TN:
SF:Controllers/profileController.js
FN:5,(anonymous_0)
FN:14,(anonymous_1)
FNF:2
FNH:2
FNDA:1,(anonymous_0)
FNDA:1,(anonymous_1)
DA:1,10
DA:2,10
DA:4,10
DA:6,1
DA:7,1
DA:8,1
DA:10,0
DA:15,1
DA:16,1
DA:20,1
DA:25,1
DA:27,1
DA:28,1
DA:33,0
LF:14
LH:12
BRDA:27,0,0,1
BRDA:27,0,1,0
BRF:2
BRH:1
end_of_record
TN:
SF:Controllers/scheduleController.js
FN:5,(anonymous_0)
FN:15,(anonymous_1)
FN:27,(anonymous_2)
FNF:3
FNH:0
FNDA:0,(anonymous_0)
FNDA:0,(anonymous_1)
FNDA:0,(anonymous_2)
DA:1,10
DA:2,10
DA:4,10
DA:6,0
DA:7,0
DA:9,0
DA:11,0
DA:16,0
DA:17,0
DA:19,0
DA:21,0
DA:23,0
DA:28,0
DA:29,0
DA:31,0
DA:33,0
DA:35,0
LF:17
LH:3
BRF:0
BRH:0
end_of_record
TN:
SF:Controllers/serviceController.js
FN:33,(anonymous_0)
FN:45,(anonymous_1)
FN:55,(anonymous_2)
FN:65,(anonymous_3)
FNF:4
FNH:3
FNDA:1,(anonymous_0)
FNDA:1,(anonymous_1)
FNDA:1,(anonymous_2)
FNDA:0,(anonymous_3)
DA:1,10
DA:2,10
DA:3,10
DA:5,10
DA:34,1
DA:35,1
DA:37,1
DA:38,1
DA:41,0
DA:46,1
DA:47,1
DA:49,1
DA:51,0
DA:56,1
DA:57,1
DA:59,1
DA:61,0
DA:66,0
DA:67,0
DA:68,0
DA:70,0
DA:71,0
DA:74,0
LF:23
LH:14
BRDA:37,0,0,1
BRDA:37,0,1,0
BRDA:70,1,0,0
BRDA:70,1,1,0
BRF:4
BRH:1
end_of_record
TN:
SF:Controllers/transactionController.js
FN:7,(anonymous_0)
FN:23,(anonymous_1)
FN:39,(anonymous_2)
FN:49,(anonymous_3)
FN:61,(anonymous_4)
FN:71,(anonymous_5)
FNF:6
FNH:0
FNDA:0,(anonymous_0)
FNDA:0,(anonymous_1)
FNDA:0,(anonymous_2)
FNDA:0,(anonymous_3)
FNDA:0,(anonymous_4)
FNDA:0,(anonymous_5)
DA:1,10
DA:2,10
DA:3,10
DA:4,10
DA:8,0
DA:9,0
DA:11,0
DA:13,0
DA:19,0
DA:24,0
DA:25,0
DA:26,0
DA:28,0
DA:29,0
DA:31,0
DA:35,0
DA:40,0
DA:41,0
DA:43,0
DA:45,0
DA:50,0
DA:51,0
DA:53,0
DA:55,0
DA:57,0
DA:62,0
DA:63,0
DA:65,0
DA:67,0
DA:72,0
DA:73,0
DA:74,0
DA:76,0
DA:78,0
DA:83,10
LF:35
LH:5
BRDA:28,0,0,0
BRDA:28,0,1,0
BRF:2
BRH:0
end_of_record
TN:
SF:Controllers/userController.js
FN:6,(anonymous_0)
FN:15,(anonymous_1)
FN:24,(anonymous_2)
FN:54,(anonymous_3)
FN:64,(anonymous_4)
FN:76,(anonymous_5)
FN:88,(anonymous_6)
FNF:7
FNH:5
FNDA:4,(anonymous_0)
FNDA:1,(anonymous_1)
FNDA:1,(anonymous_2)
FNDA:1,(anonymous_3)
FNDA:1,(anonymous_4)
FNDA:0,(anonymous_5)
FNDA:0,(anonymous_6)
DA:1,10
DA:2,10
DA:3,10
DA:5,10
DA:7,4
DA:8,4
DA:9,1
DA:11,3
DA:16,1
DA:17,1
DA:18,1
DA:20,0
DA:25,1
DA:26,1
DA:27,1
DA:28,1
DA:29,1
DA:35,1
DA:36,1
DA:39,0
DA:55,1
DA:56,1
DA:58,1
DA:60,0
DA:65,1
DA:66,1
DA:68,1
DA:69,1
DA:72,0
DA:77,0
DA:78,0
DA:80,0
DA:81,0
DA:84,0
DA:89,0
DA:90,0
DA:91,0
DA:92,0
DA:94,0
DA:95,0
DA:98,0
LF:41
LH:25
BRDA:35,0,0,1
BRDA:35,0,1,0
BRDA:68,1,0,1
BRDA:68,1,1,0
BRDA:80,2,0,0
BRDA:80,2,1,0
BRDA:94,3,0,0
BRDA:94,3,1,0
BRF:8
BRH:2
end_of_record
TN:
SF:db/config/midtransConnection.js
FNF:0
FNH:0
DA:1,10
DA:3,10
DA:9,10
LF:3
LH:3
BRF:0
BRH:0
end_of_record
TN:
SF:db/config/mongodbConnection.js
FNF:0
FNH:0
DA:1,10
DA:2,10
DA:3,10
DA:5,10
DA:13,10
DA:15,10
LF:6
LH:6
BRDA:13,0,0,10
BRDA:13,0,1,0
BRF:2
BRH:1
end_of_record
TN:
SF:helper/bcryptFunctions.js
FN:3,(anonymous_0)
FN:9,(anonymous_1)
FNF:2
FNH:2
FNDA:10,(anonymous_0)
FNDA:3,(anonymous_1)
DA:1,10
DA:3,10
DA:4,10
DA:6,10
DA:9,10
DA:10,3
DA:12,3
DA:15,10
LF:8
LH:8
BRF:0
BRH:0
end_of_record
TN:
SF:helper/emailValidator.js
FN:3,(anonymous_0)
FNF:1
FNH:1
FNDA:4,(anonymous_0)
DA:1,10
DA:3,10
DA:4,4
DA:5,4
DA:8,10
LF:5
LH:5
BRF:0
BRH:0
end_of_record
TN:
SF:helper/nodemailerFunction.js
FN:3,sendMessage
FN:21,(anonymous_1)
FNF:2
FNH:0
FNDA:0,sendMessage
FNDA:0,(anonymous_1)
DA:1,10
DA:4,0
DA:14,0
DA:21,0
DA:22,0
DA:23,0
DA:25,0
DA:30,10
LF:8
LH:2
BRDA:22,0,0,0
BRDA:22,0,1,0
BRF:2
BRH:0
end_of_record
TN:
SF:helper/scheduleValidate.js
FN:4,updateStatus
FNF:1
FNH:0
FNDA:0,updateStatus
DA:1,10
DA:2,10
DA:5,0
DA:6,0
DA:8,0
DA:20,0
DA:32,0
DA:45,0
DA:49,10
LF:9
LH:3
BRF:0
BRH:0
end_of_record
TN:
SF:middlewares/authentication.js
FN:3,(anonymous_0)
FNF:1
FNH:1
FNDA:8,(anonymous_0)
DA:1,10
DA:3,10
DA:4,8
DA:5,8
DA:6,0
DA:9,8
DA:11,8
DA:13,8
DA:15,8
DA:17,8
DA:19,0
DA:23,10
LF:12
LH:10
BRDA:5,0,0,0
BRDA:5,0,1,8
BRF:2
BRH:1
end_of_record
TN:
SF:middlewares/authorization.js
FN:1,(anonymous_0)
FNF:1
FNH:1
FNDA:2,(anonymous_0)
DA:1,10
DA:2,2
DA:3,2
DA:4,2
DA:5,2
DA:7,0
DA:10,0
DA:14,10
LF:8
LH:6
BRDA:4,0,0,2
BRDA:4,0,1,0
BRF:2
BRH:1
end_of_record
TN:
SF:middlewares/errorHandler.js
FN:1,(anonymous_0)
FNF:1
FNH:1
FNDA:3,(anonymous_0)
DA:1,10
DA:2,3
DA:3,2
DA:5,1
DA:6,1
DA:10,10
LF:6
LH:6
BRDA:2,0,0,2
BRDA:2,0,1,1
BRF:2
BRH:2
end_of_record
TN:
SF:models/cart.js
FN:5,(anonymous_0)
FN:7,(anonymous_1)
FNF:2
FNH:0
FNDA:0,(anonymous_0)
FNDA:0,(anonymous_1)
DA:1,10
DA:2,10
DA:4,10
DA:7,0
DA:8,0
DA:10,0
DA:17,0
LF:7
LH:3
BRF:0
BRH:0
end_of_record
TN:
SF:models/profile.js
FN:4,(anonymous_0)
FN:35,(anonymous_1)
FNF:2
FNH:2
FNDA:1,(anonymous_0)
FNDA:1,(anonymous_1)
DA:1,10
DA:5,1
DA:9,1
DA:10,0
DA:25,0
DA:28,1
DA:29,1
DA:30,1
DA:36,1
DA:60,1
DA:61,0
DA:64,1
DA:68,10
LF:13
LH:10
BRDA:9,0,0,0
BRDA:9,0,1,1
BRDA:9,1,0,1
BRDA:9,1,1,0
BRDA:28,2,0,1
BRDA:28,2,1,0
BRDA:60,3,0,0
BRDA:60,3,1,1
BRF:8
BRH:4
end_of_record
TN:
SF:models/schedule.js
FN:5,(anonymous_0)
FN:11,(anonymous_1)
FN:22,(anonymous_2)
FNF:3
FNH:0
FNDA:0,(anonymous_0)
FNDA:0,(anonymous_1)
FNDA:0,(anonymous_2)
DA:1,10
DA:2,10
DA:4,10
DA:6,0
DA:8,0
DA:12,0
DA:19,0
DA:23,0
DA:29,0
DA:31,0
LF:10
LH:3
BRDA:29,0,0,0
BRDA:29,0,1,0
BRF:2
BRH:0
end_of_record
TN:
SF:models/service.js
FN:5,(anonymous_0)
FN:10,(anonymous_1)
FN:21,(anonymous_2)
FN:29,(anonymous_3)
FNF:4
FNH:3
FNDA:1,(anonymous_0)
FNDA:1,(anonymous_1)
FNDA:1,(anonymous_2)
FNDA:0,(anonymous_3)
DA:1,10
DA:2,10
DA:4,10
DA:6,1
DA:7,1
DA:12,1
DA:16,1
DA:17,0
DA:22,1
DA:26,1
DA:30,0
DA:36,0
DA:38,0
LF:13
LH:9
BRDA:16,0,0,0
BRDA:16,0,1,1
BRDA:36,1,0,0
BRDA:36,1,1,0
BRF:4
BRH:1
end_of_record
TN:
SF:models/transaction.js
FN:8,(anonymous_0)
FN:13,(anonymous_1)
FN:24,(anonymous_2)
FN:28,(anonymous_3)
FN:38,(anonymous_4)
FN:98,(anonymous_5)
FN:136,(anonymous_6)
FN:158,(anonymous_7)
FN:176,(anonymous_8)
FN:186,(anonymous_9)
FN:197,(anonymous_10)
FNF:11
FNH:0
FNDA:0,(anonymous_0)
FNDA:0,(anonymous_1)
FNDA:0,(anonymous_2)
FNDA:0,(anonymous_3)
FNDA:0,(anonymous_4)
FNDA:0,(anonymous_5)
FNDA:0,(anonymous_6)
FNDA:0,(anonymous_7)
FNDA:0,(anonymous_8)
FNDA:0,(anonymous_9)
FNDA:0,(anonymous_10)
DA:1,10
DA:2,10
DA:3,10
DA:4,10
DA:5,10
DA:7,10
DA:9,0
DA:10,0
DA:13,0
DA:14,0
DA:21,0
DA:24,0
DA:28,0
DA:29,0
DA:36,0
DA:38,0
DA:39,0
DA:42,0
DA:44,0
DA:46,0
DA:47,0
DA:49,0
DA:59,0
DA:77,0
DA:79,0
DA:81,0
DA:92,0
DA:99,0
DA:103,0
DA:115,0
DA:119,0
DA:123,0
DA:128,0
DA:132,0
DA:134,0
DA:136,0
DA:137,0
DA:138,0
DA:150,0
DA:152,0
DA:154,0
DA:159,0
DA:173,0
DA:177,0
DA:181,0
DA:183,0
DA:187,0
DA:194,0
DA:198,0
DA:205,0
LF:50
LH:6
BRDA:9,0,0,0
BRDA:9,0,1,0
BRDA:99,1,0,0
BRDA:99,1,1,0
BRDA:100,2,0,0
BRDA:100,2,1,0
BRDA:181,3,0,0
BRDA:181,3,1,0
BRF:8
BRH:0
end_of_record
TN:
SF:models/users.js
FN:11,(anonymous_0)
FN:46,(anonymous_1)
FN:86,(anonymous_2)
FN:129,(anonymous_3)
FN:140,(anonymous_4)
FN:158,(anonymous_5)
FN:200,(anonymous_6)
FNF:7
FNH:5
FNDA:4,(anonymous_0)
FNDA:1,(anonymous_1)
FNDA:1,(anonymous_2)
FNDA:1,(anonymous_3)
FNDA:1,(anonymous_4)
FNDA:0,(anonymous_5)
FNDA:0,(anonymous_6)
DA:1,10
DA:2,10
DA:3,10
DA:4,10
DA:5,10
DA:6,10
DA:7,10
DA:8,10
DA:12,4
DA:13,0
DA:19,3
DA:21,3
DA:22,1
DA:24,2
DA:31,2
DA:32,1
DA:35,1
DA:41,1
DA:43,1
DA:47,1
DA:49,1
DA:50,0
DA:53,1
DA:60,1
DA:61,0
DA:64,1
DA:69,1
DA:70,0
DA:73,1
DA:83,1
DA:87,1
DA:91,1
DA:93,1
DA:98,1
DA:99,0
DA:101,1
DA:106,1
DA:107,0
DA:112,1
DA:123,1
DA:124,0
DA:126,1
DA:130,1
DA:137,1
DA:141,1
DA:143,1
DA:144,0
DA:146,1
DA:148,1
DA:150,1
DA:151,1
DA:153,1
DA:155,1
DA:159,0
DA:160,0
DA:161,0
DA:163,0
DA:167,0
DA:168,0
DA:170,0
DA:175,0
DA:176,0
DA:181,0
DA:188,0
DA:190,0
DA:195,0
DA:197,0
DA:201,0
DA:206,0
DA:207,0
DA:209,0
DA:220,0
DA:231,0
DA:235,10
LF:74
LH:46
BRDA:12,0,0,0
BRDA:12,0,1,3
BRDA:21,1,0,1
BRDA:21,1,1,2
BRDA:31,2,0,1
BRDA:31,2,1,1
BRDA:49,3,0,0
BRDA:49,3,1,1
BRDA:60,4,0,0
BRDA:60,4,1,1
BRDA:69,5,0,0
BRDA:69,5,1,1
BRDA:91,6,0,0
BRDA:91,6,1,1
BRDA:98,7,0,0
BRDA:98,7,1,1
BRDA:106,8,0,0
BRDA:106,8,1,1
BRDA:123,9,0,0
BRDA:123,9,1,1
BRDA:143,10,0,0
BRDA:143,10,1,1
BRDA:146,11,0,0
BRDA:146,11,1,1
BRDA:148,12,0,0
BRDA:148,12,1,1
BRDA:167,13,0,0
BRDA:167,13,1,0
BRDA:175,14,0,0
BRDA:175,14,1,0
BRDA:206,15,0,0
BRDA:206,15,1,0
BRF:32
BRH:15
end_of_record
TN:
SF:routers/router.js
FN:54,(anonymous_0)
FN:55,(anonymous_1)
FNF:2
FNH:0
FNDA:0,(anonymous_0)
FNDA:0,(anonymous_1)
DA:1,10
DA:2,10
DA:3,10
DA:4,10
DA:5,10
DA:6,10
DA:7,10
DA:8,10
DA:9,10
DA:10,10
DA:11,10
DA:12,10
DA:14,10
DA:15,10
DA:16,10
DA:17,10
DA:18,10
DA:21,10
DA:23,10
DA:24,10
DA:25,10
DA:27,10
DA:29,10
DA:30,10
DA:31,10
DA:32,10
DA:34,10
DA:36,10
DA:38,10
DA:40,10
DA:41,10
DA:42,10
DA:43,10
DA:44,10
DA:48,10
DA:49,10
DA:50,10
DA:52,10
DA:55,0
DA:56,0
DA:65,10
LF:41
LH:39
BRF:0
BRH:0
end_of_record
